<?xml version="1.0" encoding="utf-8"?><testsuites name="pytest tests"><testsuite name="pytest" errors="0" failures="0" skipped="0" tests="21" time="6.907" timestamp="2026-04-30T09:23:03.499700+00:00" hostname="agent-env-14ae2834-1af8-4ba2-bb45-0ff08f3f07ce"><testcase classname="backend.tests.test_v4_employee_portal.TestLeaveTypes" name="test_default_seeded_5_types" time="0.485" /><testcase classname="backend.tests.test_v4_employee_portal.TestLeaveTypes" name="test_user_cannot_create_leave_type" time="0.133" /><testcase classname="backend.tests.test_v4_employee_portal.TestLeaveTypes" name="test_admin_can_create_update_delete_leave_type" time="0.646" /><testcase classname="backend.tests.test_v4_employee_portal.TestSupervisors" name="test_supervisors_excludes_user_role" time="0.102" /><testcase classname="backend.tests.test_v4_employee_portal.TestLeaveLifecycle" name="test_apply_3_day_leave_total_3" time="0.433" /><testcase classname="backend.tests.test_v4_employee_portal.TestLeaveLifecycle" name="test_apply_half_day_total_0_5" time="0.452" /><testcase classname="backend.tests.test_v4_employee_portal.TestLeaveLifecycle" name="test_invalid_end_before_start_400" time="0.321" /><testcase classname="backend.tests.test_v4_employee_portal.TestLeaveLifecycle" name="test_half_day_with_range_400" time="0.328" /><testcase classname="backend.tests.test_v4_employee_portal.TestLeaveLifecycle" name="test_scope_mine_returns_only_own" time="1.020" /><testcase classname="backend.tests.test_v4_employee_portal.TestLeaveLifecycle" name="test_scope_pending_user_empty_or_self" time="0.098" /><testcase classname="backend.tests.test_v4_employee_portal.TestLeaveLifecycle" name="test_scope_all_403_for_user" time="0.098" /><testcase classname="backend.tests.test_v4_employee_portal.TestLeaveLifecycle" name="test_scope_all_works_for_admin" time="0.114" /><testcase classname="backend.tests.test_v4_employee_portal.TestLeaveLifecycle" name="test_admin_approves_and_notifies_owner" time="0.746" /><testcase classname="backend.tests.test_v4_employee_portal.TestLeaveLifecycle" name="test_admin_rejects_with_reason" time="0.564" /><testcase classname="backend.tests.test_v4_employee_portal.TestLeaveLifecycle" name="test_user_cannot_cancel_other_user_leave" time="0.511" /><testcase classname="backend.tests.test_v4_employee_portal.TestBalanceAndCalendar" name="test_balance_lists_5_types" time="0.107" /><testcase classname="backend.tests.test_v4_employee_portal.TestBalanceAndCalendar" name="test_calendar_only_approved" time="0.101" /><testcase classname="backend.tests.test_v4_employee_portal.TestNotifications" name="test_get_notifications_shape" time="0.103" /><testcase classname="backend.tests.test_v4_employee_portal.TestNotifications" name="test_mark_all_read_sets_unread_zero" time="0.217" /><testcase classname="backend.tests.test_v4_employee_portal.TestEmployeeDashboard" name="test_user_dashboard_shape" time="0.131" /><testcase classname="backend.tests.test_v4_employee_portal.TestEmployeeDashboard" name="test_admin_dashboard_pending_count_int" time="0.104" /></testsuite></testsuites>