<?xml version="1.0" encoding="utf-8"?><testsuites name="pytest tests"><testsuite name="pytest" errors="0" failures="0" skipped="0" tests="34" time="13.726" timestamp="2026-04-24T06:30:09.316815+00:00" hostname="agent-env-14ae2834-1af8-4ba2-bb45-0ff08f3f07ce"><testcase classname="backend.tests.test_subtrack.TestAuth" name="test_md_login_returns_role_and_access_level" time="0.391" /><testcase classname="backend.tests.test_subtrack.TestAuth" name="test_manager_login_has_role_access_level" time="0.434" /><testcase classname="backend.tests.test_subtrack.TestAuth" name="test_user_login_has_role_access_level" time="0.441" /><testcase classname="backend.tests.test_subtrack.TestAuth" name="test_login_invalid_creds" time="0.111" /><testcase classname="backend.tests.test_subtrack.TestDashboard" name="test_dashboard_has_all_v2_fields" time="0.441" /><testcase classname="backend.tests.test_subtrack.TestOneTimeBilling" name="test_one_time_subscription_excluded_from_monthly_annual" time="0.421" /><testcase classname="backend.tests.test_subtrack.TestPeople" name="test_user_can_create_person" time="0.096" /><testcase classname="backend.tests.test_subtrack.TestPeople" name="test_get_people" time="0.113" /><testcase classname="backend.tests.test_subtrack.TestPeople" name="test_manager_cannot_update_person" time="0.317" /><testcase classname="backend.tests.test_subtrack.TestPeople" name="test_md_can_update_delete_person" time="0.304" /><testcase classname="backend.tests.test_subtrack.TestPeople" name="test_subscription_responsible_person_expands" time="0.534" /><testcase classname="backend.tests.test_subtrack.TestSpendingReport" name="test_spending_report_fields" time="0.105" /><testcase classname="backend.tests.test_subtrack.TestSpendingReport" name="test_user_can_access_spending_v3" time="0.107" /><testcase classname="backend.tests.test_subtrack.TestPasswordManager" name="test_manager_forbidden" time="0.101" /><testcase classname="backend.tests.test_subtrack.TestPasswordManager" name="test_user_can_list_own_passwords_v3" time="0.102" /><testcase classname="backend.tests.test_subtrack.TestPasswordManager" name="test_md_crud_and_no_password_in_list" time="0.780" /><testcase classname="backend.tests.test_subtrack.TestPasswordManager" name="test_manager_cannot_reveal" time="0.319" /><testcase classname="backend.tests.test_subtrack.TestAdminUsers" name="test_admin_create_user_with_module_permissions" time="0.647" /><testcase classname="backend.tests.test_subtrack.TestAdminUsers" name="test_user_cannot_list_users" time="0.101" /><testcase classname="backend.tests.test_subtrack.TestSubscriptions" name="test_create_edit_delete" time="0.295" /><testcase classname="backend.tests.test_v3_rbac.TestV3Roles" name="test_admin_role_is_admin_not_md" time="0.337" /><testcase classname="backend.tests.test_v3_rbac.TestV3Roles" name="test_director_login" time="0.338" /><testcase classname="backend.tests.test_v3_rbac.TestV3Roles" name="test_bablu_user_login" time="0.338" /><testcase classname="backend.tests.test_v3_rbac.TestV3Roles" name="test_all_new_users_can_login" time="1.662" /><testcase classname="backend.tests.test_v3_rbac.TestV3Roles" name="test_auth_me_returns_module_permissions" time="0.433" /><testcase classname="backend.tests.test_v3_rbac.TestV3Roles" name="test_auth_me_director" time="0.437" /><testcase classname="backend.tests.test_v3_rbac.TestV3Passwords" name="test_bablu_create_password_has_owner_id" time="0.228" /><testcase classname="backend.tests.test_v3_rbac.TestV3Passwords" name="test_bablu_sees_only_own_passwords" time="1.093" /><testcase classname="backend.tests.test_v3_rbac.TestV3Passwords" name="test_admin_sees_all_passwords_with_owner_name" time="0.636" /><testcase classname="backend.tests.test_v3_rbac.TestV3Subscriptions" name="test_bablu_creates_subscription_owner_id_set" time="0.218" /><testcase classname="backend.tests.test_v3_rbac.TestV3Subscriptions" name="test_bablu_sees_only_own_subs" time="0.576" /><testcase classname="backend.tests.test_v3_rbac.TestV3Reports" name="test_bablu_can_access_spending_report" time="0.120" /><testcase classname="backend.tests.test_v3_rbac.TestV3PermissionOverrides" name="test_override_subs_view_overall_then_revert" time="0.724" /><testcase classname="backend.tests.test_v3_rbac.TestV3PermissionOverrides" name="test_override_passwords_none_blocks_access" time="0.315" /></testsuite></testsuites>