<?xml version="1.0" encoding="utf-8"?><testsuites name="pytest tests"><testsuite name="pytest" errors="0" failures="0" skipped="0" tests="74" time="60.050" timestamp="2026-05-04T09:42:08.535400+00:00" hostname="agent-env-14ae2834-1af8-4ba2-bb45-0ff08f3f07ce"><testcase classname="backend.tests.test_subtrack.TestAuth" name="test_md_login_returns_role_and_access_level" time="0.355" /><testcase classname="backend.tests.test_subtrack.TestAuth" name="test_manager_login_has_role_access_level" time="0.452" /><testcase classname="backend.tests.test_subtrack.TestAuth" name="test_user_login_has_role_access_level" time="0.440" /><testcase classname="backend.tests.test_subtrack.TestAuth" name="test_login_invalid_creds" time="0.113" /><testcase classname="backend.tests.test_subtrack.TestDashboard" name="test_dashboard_has_all_v2_fields" time="0.438" /><testcase classname="backend.tests.test_subtrack.TestOneTimeBilling" name="test_one_time_subscription_excluded_from_monthly_annual" time="0.486" /><testcase classname="backend.tests.test_subtrack.TestPeople" name="test_user_can_create_person" time="0.110" /><testcase classname="backend.tests.test_subtrack.TestPeople" name="test_get_people" time="0.101" /><testcase classname="backend.tests.test_subtrack.TestPeople" name="test_manager_cannot_update_person" time="0.299" /><testcase classname="backend.tests.test_subtrack.TestPeople" name="test_md_can_update_delete_person" time="0.322" /><testcase classname="backend.tests.test_subtrack.TestPeople" name="test_subscription_responsible_person_expands" time="0.538" /><testcase classname="backend.tests.test_subtrack.TestSpendingReport" name="test_spending_report_fields" time="0.116" /><testcase classname="backend.tests.test_subtrack.TestSpendingReport" name="test_user_can_access_spending_v3" time="0.107" /><testcase classname="backend.tests.test_subtrack.TestPasswordManager" name="test_manager_forbidden" time="0.107" /><testcase classname="backend.tests.test_subtrack.TestPasswordManager" name="test_user_can_list_own_passwords_v3" time="0.122" /><testcase classname="backend.tests.test_subtrack.TestPasswordManager" name="test_md_crud_and_no_password_in_list" time="0.726" /><testcase classname="backend.tests.test_subtrack.TestPasswordManager" name="test_manager_cannot_reveal" time="0.306" /><testcase classname="backend.tests.test_subtrack.TestAdminUsers" name="test_admin_create_user_with_module_permissions" time="0.652" /><testcase classname="backend.tests.test_subtrack.TestAdminUsers" name="test_user_cannot_list_users" time="0.098" /><testcase classname="backend.tests.test_subtrack.TestSubscriptions" name="test_create_edit_delete" time="0.321" /><testcase classname="backend.tests.test_v3_rbac.TestV3Roles" name="test_admin_role_is_admin_not_md" time="0.347" /><testcase classname="backend.tests.test_v3_rbac.TestV3Roles" name="test_director_login" time="0.357" /><testcase classname="backend.tests.test_v3_rbac.TestV3Roles" name="test_bablu_user_login" time="0.329" /><testcase classname="backend.tests.test_v3_rbac.TestV3Roles" name="test_all_new_users_can_login" time="1.650" /><testcase classname="backend.tests.test_v3_rbac.TestV3Roles" name="test_auth_me_returns_module_permissions" time="0.468" /><testcase classname="backend.tests.test_v3_rbac.TestV3Roles" name="test_auth_me_director" time="0.437" /><testcase classname="backend.tests.test_v3_rbac.TestV3Passwords" name="test_bablu_create_password_has_owner_id" time="0.217" /><testcase classname="backend.tests.test_v3_rbac.TestV3Passwords" name="test_bablu_sees_only_own_passwords" time="1.149" /><testcase classname="backend.tests.test_v3_rbac.TestV3Passwords" name="test_admin_sees_all_passwords_with_owner_name" time="0.665" /><testcase classname="backend.tests.test_v3_rbac.TestV3Subscriptions" name="test_bablu_creates_subscription_owner_id_set" time="0.211" /><testcase classname="backend.tests.test_v3_rbac.TestV3Subscriptions" name="test_bablu_sees_only_own_subs" time="0.544" /><testcase classname="backend.tests.test_v3_rbac.TestV3Reports" name="test_bablu_can_access_spending_report" time="0.108" /><testcase classname="backend.tests.test_v3_rbac.TestV3PermissionOverrides" name="test_override_subs_view_overall_then_revert" time="0.767" /><testcase classname="backend.tests.test_v3_rbac.TestV3PermissionOverrides" name="test_override_passwords_none_blocks_access" time="0.308" /><testcase classname="backend.tests.test_v4_employee_portal.TestLeaveTypes" name="test_default_seeded_5_types" time="0.432" /><testcase classname="backend.tests.test_v4_employee_portal.TestLeaveTypes" name="test_user_cannot_create_leave_type" time="0.104" /><testcase classname="backend.tests.test_v4_employee_portal.TestLeaveTypes" name="test_admin_can_create_update_delete_leave_type" time="0.677" /><testcase classname="backend.tests.test_v4_employee_portal.TestSupervisors" name="test_supervisors_excludes_user_role" time="0.094" /><testcase classname="backend.tests.test_v4_employee_portal.TestLeaveLifecycle" name="test_apply_3_day_leave_total_3" time="0.425" /><testcase classname="backend.tests.test_v4_employee_portal.TestLeaveLifecycle" name="test_apply_half_day_total_0_5" time="2.438" /><testcase classname="backend.tests.test_v4_employee_portal.TestLeaveLifecycle" name="test_invalid_end_before_start_400" time="0.310" /><testcase classname="backend.tests.test_v4_employee_portal.TestLeaveLifecycle" name="test_half_day_with_range_400" time="0.319" /><testcase classname="backend.tests.test_v4_employee_portal.TestLeaveLifecycle" name="test_scope_mine_returns_only_own" time="0.985" /><testcase classname="backend.tests.test_v4_employee_portal.TestLeaveLifecycle" name="test_scope_pending_user_empty_or_self" time="0.102" /><testcase classname="backend.tests.test_v4_employee_portal.TestLeaveLifecycle" name="test_scope_all_403_for_user" time="0.105" /><testcase classname="backend.tests.test_v4_employee_portal.TestLeaveLifecycle" name="test_scope_all_works_for_admin" time="0.137" /><testcase classname="backend.tests.test_v4_employee_portal.TestLeaveLifecycle" name="test_admin_approves_and_notifies_owner" time="0.761" /><testcase classname="backend.tests.test_v4_employee_portal.TestLeaveLifecycle" name="test_admin_rejects_with_reason" time="0.535" /><testcase classname="backend.tests.test_v4_employee_portal.TestLeaveLifecycle" name="test_user_cannot_cancel_other_user_leave" time="0.537" /><testcase classname="backend.tests.test_v4_employee_portal.TestBalanceAndCalendar" name="test_balance_lists_5_types" time="0.128" /><testcase classname="backend.tests.test_v4_employee_portal.TestBalanceAndCalendar" name="test_calendar_only_approved" time="0.126" /><testcase classname="backend.tests.test_v4_employee_portal.TestNotifications" name="test_get_notifications_shape" time="0.103" /><testcase classname="backend.tests.test_v4_employee_portal.TestNotifications" name="test_mark_all_read_sets_unread_zero" time="0.208" /><testcase classname="backend.tests.test_v4_employee_portal.TestEmployeeDashboard" name="test_user_dashboard_shape" time="0.121" /><testcase classname="backend.tests.test_v4_employee_portal.TestEmployeeDashboard" name="test_admin_dashboard_pending_count_int" time="0.120" /><testcase classname="backend.tests.test_v5_updates.TestProfileFields" name="test_patch_profile_new_fields" time="0.456" /><testcase classname="backend.tests.test_v5_updates.TestProfileFields" name="test_auth_me_returns_new_fields" time="0.098" /><testcase classname="backend.tests.test_v5_updates.TestPasswordPhone" name="test_create_with_phone" time="0.104" /><testcase classname="backend.tests.test_v5_updates.TestPasswordPhone" name="test_list_returns_phone_no_password" time="0.104" /><testcase classname="backend.tests.test_v5_updates.TestPasswordPhone" name="test_cleanup" time="0.105" /><testcase classname="backend.tests.test_v5_updates.TestUserLeaveBalance" name="test_admin_can_get_any_user_balance" time="0.541" /><testcase classname="backend.tests.test_v5_updates.TestUserLeaveBalance" name="test_user_can_get_own_balance" time="0.208" /><testcase classname="backend.tests.test_v5_updates.TestUserLeaveBalance" name="test_user_cannot_get_other_user_balance" time="0.217" /><testcase classname="backend.tests.test_v5_updates.TestHierarchicalSupervisor" name="test_setup_chain" time="2.007" /><testcase classname="backend.tests.test_v5_updates.TestHierarchicalSupervisor" name="test_c_applies_leave_with_b_as_supervisor" time="11.461" /><testcase classname="backend.tests.test_v5_updates.TestHierarchicalSupervisor" name="test_a_sees_c_leave_in_pending" time="0.170" /><testcase classname="backend.tests.test_v5_updates.TestHierarchicalSupervisor" name="test_a_can_view_c_via_scope_user" time="19.734" /><testcase classname="backend.tests.test_v5_updates.TestHierarchicalSupervisor" name="test_random_manager_cannot_decide" time="0.923" /><testcase classname="backend.tests.test_v5_updates.TestHierarchicalSupervisor" name="test_a_can_approve_c_leave" time="0.112" /><testcase classname="backend.tests.test_v5_updates.TestHierarchicalSupervisor" name="test_b_could_also_approve_second_leave" time="0.335" /><testcase classname="backend.tests.test_v5_updates.TestHierarchicalSupervisor" name="test_cleanup_users" time="0.301" /><testcase classname="backend.tests.test_v5_updates.TestLeaveTypesAndCategories" name="test_leave_types_list" time="0.110" /><testcase classname="backend.tests.test_v5_updates.TestLeaveTypesAndCategories" name="test_categories_list" time="0.103" /><testcase classname="backend.tests.test_v5_updates.TestLeaveTypesAndCategories" name="test_leave_type_crud" time="0.315" /></testsuite></testsuites>