<?xml version="1.0" encoding="utf-8"?><testsuites name="pytest tests"><testsuite name="pytest" errors="0" failures="3" skipped="0" tests="20" time="6.393" timestamp="2026-04-22T07:46:34.376451+00:00" hostname="agent-env-14ae2834-1af8-4ba2-bb45-0ff08f3f07ce"><testcase classname="backend.tests.test_subtrack.TestAuth" name="test_md_login_returns_role_and_access_level" time="0.468" /><testcase classname="backend.tests.test_subtrack.TestAuth" name="test_manager_login_has_role_access_level" time="0.501"><failure message="AssertionError: assert 'access_level' in {'_id': '69e21bb5a49239cd033b550b', 'created_at': '2026-04-17T11:38:29.225000', 'email': 'manager@test.com', 'full_name': 'Test Manager', ...}&#10; +  where {'_id': '69e21bb5a49239cd033b550b', 'created_at': '2026-04-17T11:38:29.225000', 'email': 'manager@test.com', 'full_name': 'Test Manager', ...} = json()&#10; +    where json = &lt;Response [200]&gt;.json">backend/tests/test_subtrack.py:65: in test_manager_login_has_role_access_level
    assert "access_level" in r.json()
E   AssertionError: assert 'access_level' in {'_id': '69e21bb5a49239cd033b550b', 'created_at': '2026-04-17T11:38:29.225000', 'email': 'manager@test.com', 'full_name': 'Test Manager', ...}
E    +  where {'_id': '69e21bb5a49239cd033b550b', 'created_at': '2026-04-17T11:38:29.225000', 'email': 'manager@test.com', 'full_name': 'Test Manager', ...} = json()
E    +    where json = &lt;Response [200]&gt;.json</failure></testcase><testcase classname="backend.tests.test_subtrack.TestAuth" name="test_user_login_has_role_access_level" time="0.453"><failure message="AssertionError: assert 'access_level' in {'_id': '69e21bb5a49239cd033b550c', 'created_at': '2026-04-17T11:38:29.559000', 'email': 'user@test.com', 'full_name': 'Test User', ...}&#10; +  where {'_id': '69e21bb5a49239cd033b550c', 'created_at': '2026-04-17T11:38:29.559000', 'email': 'user@test.com', 'full_name': 'Test User', ...} = json()&#10; +    where json = &lt;Response [200]&gt;.json">backend/tests/test_subtrack.py:71: in test_user_login_has_role_access_level
    assert "access_level" in r.json()
E   AssertionError: assert 'access_level' in {'_id': '69e21bb5a49239cd033b550c', 'created_at': '2026-04-17T11:38:29.559000', 'email': 'user@test.com', 'full_name': 'Test User', ...}
E    +  where {'_id': '69e21bb5a49239cd033b550c', 'created_at': '2026-04-17T11:38:29.559000', 'email': 'user@test.com', 'full_name': 'Test User', ...} = json()
E    +    where json = &lt;Response [200]&gt;.json</failure></testcase><testcase classname="backend.tests.test_subtrack.TestAuth" name="test_login_invalid_creds" time="0.120" /><testcase classname="backend.tests.test_subtrack.TestDashboard" name="test_dashboard_has_all_v2_fields" time="0.484" /><testcase classname="backend.tests.test_subtrack.TestOneTimeBilling" name="test_one_time_subscription_excluded_from_monthly_annual" time="0.490" /><testcase classname="backend.tests.test_subtrack.TestPeople" name="test_user_can_create_person" time="0.122" /><testcase classname="backend.tests.test_subtrack.TestPeople" name="test_get_people" time="0.103" /><testcase classname="backend.tests.test_subtrack.TestPeople" name="test_manager_cannot_update_person" time="0.340" /><testcase classname="backend.tests.test_subtrack.TestPeople" name="test_md_can_update_delete_person" time="0.319" /><testcase classname="backend.tests.test_subtrack.TestPeople" name="test_subscription_responsible_person_expands" time="0.526" /><testcase classname="backend.tests.test_subtrack.TestSpendingReport" name="test_spending_report_fields" time="0.125" /><testcase classname="backend.tests.test_subtrack.TestSpendingReport" name="test_user_cannot_access_spending" time="0.101" /><testcase classname="backend.tests.test_subtrack.TestPasswordManager" name="test_manager_forbidden" time="0.101" /><testcase classname="backend.tests.test_subtrack.TestPasswordManager" name="test_user_forbidden" time="0.100" /><testcase classname="backend.tests.test_subtrack.TestPasswordManager" name="test_md_crud_and_no_password_in_list" time="0.769" /><testcase classname="backend.tests.test_subtrack.TestPasswordManager" name="test_manager_cannot_reveal" time="0.318" /><testcase classname="backend.tests.test_subtrack.TestAdminUsers" name="test_admin_create_user_with_module_permissions" time="0.350"><failure message="KeyError: 'module_permissions'">backend/tests/test_subtrack.py:269: in test_admin_create_user_with_module_permissions
    assert user["module_permissions"]["subscriptions"] == "view"
           ^^^^^^^^^^^^^^^^^^^^^^^^^^
E   KeyError: 'module_permissions'</failure></testcase><testcase classname="backend.tests.test_subtrack.TestAdminUsers" name="test_user_cannot_list_users" time="0.099" /><testcase classname="backend.tests.test_subtrack.TestSubscriptions" name="test_create_edit_delete" time="0.330" /></testsuite></testsuites>